2025-04-14 10:59:26,017 - INFO - [root:setup_root_logger] - Root logger configured. Console Level: 20, File Level: 20
2025-04-14 10:59:26,017 - INFO - [root:setup_root_logger] - Main execution log file: /home/labs/bmeitan/karbati/MD_Analysis/md_analysis_main_20250414_105926.log
2025-04-14 10:59:26,017 - INFO - [root:setup_root_logger] - Python version: 3.9.21 | packaged by conda-forge | (main, Dec  5 2024, 13:51:40) 
[GCC 13.3.0]
2025-04-14 10:59:26,017 - INFO - [root:setup_root_logger] - Current working directory: /home/labs/bmeitan/karbati/MD_Analysis
2025-04-14 10:59:26,017 - INFO - [root:main] - --- MD Analysis Script v1.5.0 Started ---
2025-04-14 10:59:26,018 - INFO - [root:main] - Command: main_analyzer.py --folder /home/labs/bmeitan/karbati/rCs1/toxin/toxin/R2 --orientation
2025-04-14 10:59:26,018 - INFO - [root:main] - Main log file: /home/labs/bmeitan/karbati/MD_Analysis/md_analysis_main_20250414_105926.log
2025-04-14 10:59:26,018 - INFO - [root:main] - Log level set to: INFO
2025-04-14 10:59:26,018 - INFO - [root:main] - Base directory set to: /home/labs/bmeitan/karbati/MD_Analysis
2025-04-14 10:59:26,018 - INFO - [root:main] - Running SPECIFIC analyses (HTML report generation will be skipped).
2025-04-14 10:59:26,018 - INFO - [root:main] - Analysis execution plan: GG=False, COM=False, Orientation=True, IonTracking=False, IonCoordination=False, Water=False
2025-04-14 10:59:26,024 - INFO - [root:main] - --- Processing Single Folder ---
2025-04-14 10:59:26,024 - INFO - [root:main] -   System: toxin
2025-04-14 10:59:26,024 - INFO - [root:main] -   Run: R2
2025-04-14 10:59:26,024 - INFO - [root:main] -   Folder: /home/labs/bmeitan/karbati/rCs1/toxin/toxin/R2
2025-04-14 10:59:26,028 - INFO - [root:_run_analysis_workflow] - Running Core Trajectory Analysis...
2025-04-14 10:59:26,032 - INFO - [root:setup_system_logger] - --- Starting analysis for toxin/R2 (Log: /home/labs/bmeitan/karbati/rCs1/toxin/toxin/R2/R2_analysis.log) ---
2025-04-14 10:59:26,142 - WARNING - [MDAnalysis.topology.PSF:_parseatoms] - Guessing that this is actually a NAMD-type PSF file... continuing with fingers crossed!
2025-04-14 11:00:01,748 - INFO - [root:_run_analysis_workflow] - Running Toxin Orientation Analysis...
2025-04-14 11:00:01,748 - INFO - [orientation_contacts:analyze_toxin_orientation] - Starting toxin orientation and contact analysis for: /home/labs/bmeitan/karbati/rCs1/toxin/toxin/R2/MD_Aligned.dcd
2025-04-14 11:00:01,752 - WARNING - [MDAnalysis.topology.PSF:_parseatoms] - Guessing that this is actually a NAMD-type PSF file... continuing with fingers crossed!
2025-04-14 11:00:02,384 - INFO - [orientation_contacts:analyze_toxin_orientation] - Using Toxin: 'segid PROE', Channel: 'segid PROA or segid PROB or segid PROC or segid PROD'
2025-04-14 11:00:02,384 - INFO - [orientation_contacts:analyze_toxin_orientation] - Initializing residue contact map (59 toxin x 436 channel residues).
2025-04-14 11:00:02,385 - INFO - [orientation_contacts:analyze_toxin_orientation] - Using stride: 8 (Analyzing ~505 frames)
2025-04-14 11:01:30,518 - INFO - [orientation_contacts:analyze_toxin_orientation] - Saved orientation and total contacts data to /home/labs/bmeitan/karbati/rCs1/toxin/toxin/R2/Toxin_Orientation.csv
2025-04-14 11:01:30,548 - INFO - [orientation_contacts:get_residue_info] - Generated channel label map with 436 entries
2025-04-14 11:01:30,550 - INFO - [orientation_contacts:get_residue_info] - Generated toxin label map with 59 entries
2025-04-14 11:01:30,585 - INFO - [orientation_contacts:analyze_toxin_orientation] - Saved residue contact frequency map (display labels) to /home/labs/bmeitan/karbati/rCs1/toxin/toxin/R2/Toxin_Channel_Residue_Contacts.csv
2025-04-14 11:01:30,585 - INFO - [orientation_contacts:analyze_toxin_orientation] - Generating contact map visualizations...
2025-04-14 11:01:31,916 - INFO - [orientation_contacts:create_contact_map_visualization] - Saved full contact map visualization to /home/labs/bmeitan/karbati/rCs1/toxin/toxin/R2/Toxin_Channel_Residue_Contact_Map_Full.png
2025-04-14 11:01:32,308 - INFO - [orientation_contacts:create_enhanced_focused_heatmap] - Saved focused contact map (10x15) visualization to /home/labs/bmeitan/karbati/rCs1/toxin/toxin/R2/Toxin_Channel_Residue_Contact_Map_Focused.png
2025-04-14 11:01:32,308 - INFO - [orientation_contacts:analyze_toxin_orientation] - Generating orientation plots...
2025-04-14 11:01:32,918 - INFO - [orientation_contacts:analyze_toxin_orientation] - Orientation and contact analysis complete.
2025-04-14 11:01:32,918 - INFO - [root:_run_analysis_workflow] - Calculating and saving summary JSON...
2025-04-14 11:01:32,918 - INFO - [summary:calculate_and_save_run_summary] - Calculating final summary statistics for toxin/R2...
2025-04-14 11:01:32,918 - WARNING - [summary:calculate_and_save_run_summary] - G-G filtered CSV not found: /home/labs/bmeitan/karbati/rCs1/toxin/toxin/R2/G_G_Distance_Filtered.csv
2025-04-14 11:01:32,918 - WARNING - [summary:calculate_and_save_run_summary] - COM filtered CSV not found (but COM was analyzed): /home/labs/bmeitan/karbati/rCs1/toxin/toxin/R2/COM_Stability_Filtered.csv
2025-04-14 11:01:32,920 - WARNING - [summary:calculate_and_save_run_summary] - Ion stats CSV not found: /home/labs/bmeitan/karbati/rCs1/toxin/toxin/R2/K_Ion_Site_Statistics.csv
2025-04-14 11:01:32,921 - ERROR - [summary:calculate_and_save_run_summary] - Summary calculation failed due to missing critical output files: ['GG_Filtered_Missing', 'COM_Filtered_Missing', 'IonStats_Missing', 'CavityWater_MissingOrEmpty']
2025-04-14 11:01:32,921 - INFO - [summary:calculate_and_save_run_summary] - Attempting to save run summary to: /home/labs/bmeitan/karbati/rCs1/toxin/toxin/R2/analysis_summary.json
2025-04-14 11:01:32,922 - INFO - [summary:calculate_and_save_run_summary] - Successfully saved run summary: /home/labs/bmeitan/karbati/rCs1/toxin/toxin/R2/analysis_summary.json (Status: Failed_Missing_Outputs)
2025-04-14 11:01:32,922 - INFO - [root:_run_analysis_workflow] - Skipping HTML report generation (specific analysis flags used).
2025-04-14 11:01:32,922 - INFO - [root:main] - --- Successfully finished processing folder: /home/labs/bmeitan/karbati/rCs1/toxin/toxin/R2 ---
2025-04-14 11:01:32,923 - INFO - [root:<module>] - --- MD Analysis Script v1.5.0 Finished ---
