2025-04-14 10:20:26,636 - INFO - [root:setup_root_logger] - Root logger configured. Console Level: 20, File Level: 20
2025-04-14 10:20:26,636 - INFO - [root:setup_root_logger] - Main execution log file: /home/labs/bmeitan/karbati/MD_Analysis/md_analysis_main_20250414_102026.log
2025-04-14 10:20:26,636 - INFO - [root:setup_root_logger] - Python version: 3.9.21 | packaged by conda-forge | (main, Dec  5 2024, 13:51:40) 
[GCC 13.3.0]
2025-04-14 10:20:26,636 - INFO - [root:setup_root_logger] - Current working directory: /home/labs/bmeitan/karbati/MD_Analysis
2025-04-14 10:20:26,636 - INFO - [root:main] - --- MD Analysis Script v1.5.0 Started ---
2025-04-14 10:20:26,636 - INFO - [root:main] - Command: main_analyzer.py --folder /home/labs/bmeitan/karbati/rCs1/toxin/toxin/R2 --force_rerun
2025-04-14 10:20:26,636 - INFO - [root:main] - Main log file: /home/labs/bmeitan/karbati/MD_Analysis/md_analysis_main_20250414_102026.log
2025-04-14 10:20:26,636 - INFO - [root:main] - Log level set to: INFO
2025-04-14 10:20:26,636 - INFO - [root:main] - Base directory set to: /home/labs/bmeitan/karbati/MD_Analysis
2025-04-14 10:20:26,636 - INFO - [root:main] - Running ALL analyses.
2025-04-14 10:20:26,636 - INFO - [root:main] - Analysis execution plan: GG=True, COM=True, Orientation=True, IonTracking=True, IonCoordination=True, Water=True
2025-04-14 10:20:26,636 - INFO - [root:main] - --- Processing Single Folder ---
2025-04-14 10:20:26,637 - INFO - [root:main] -   System: toxin
2025-04-14 10:20:26,637 - INFO - [root:main] -   Run: R2
2025-04-14 10:20:26,637 - INFO - [root:main] -   Folder: /home/labs/bmeitan/karbati/rCs1/toxin/toxin/R2
2025-04-14 10:20:26,637 - INFO - [root:_run_analysis_workflow] - Running Core Trajectory Analysis...
2025-04-14 10:20:26,684 - INFO - [root:setup_system_logger] - --- Starting analysis for toxin/R2 (Log: /home/labs/bmeitan/karbati/rCs1/toxin/toxin/R2/R2_analysis.log) ---
2025-04-14 10:20:26,756 - WARNING - [MDAnalysis.topology.PSF:_parseatoms] - Guessing that this is actually a NAMD-type PSF file... continuing with fingers crossed!
2025-04-14 10:21:01,581 - INFO - [root:_run_analysis_workflow] - Running Filtering and Saving (GG=True, COM=True)...
2025-04-14 10:21:01,581 - INFO - [filtering:auto_select_filter] - Auto-selecting filter for data_type: gg_distance
2025-04-14 10:21:01,581 - INFO - [filtering:auto_select_filter] - Applying standard filtering for G-G distance.
2025-04-14 10:21:01,774 - INFO - [filtering:standard_filter] - Standard filter applied. Overall std reduction: 36.6%
2025-04-14 10:21:01,774 - INFO - [filtering:auto_select_filter] - Auto-selecting filter for data_type: gg_distance
2025-04-14 10:21:01,774 - INFO - [filtering:auto_select_filter] - Applying standard filtering for G-G distance.
2025-04-14 10:21:01,966 - INFO - [filtering:standard_filter] - Standard filter applied. Overall std reduction: 38.0%
2025-04-14 10:21:01,991 - INFO - [filtering:auto_select_filter] - Auto-selecting filter for data_type: com_distance
2025-04-14 10:21:01,991 - INFO - [filtering:auto_select_filter] - Low std dev (0.301) and range (2.165). Applying standard filtering.
2025-04-14 10:21:02,181 - INFO - [filtering:standard_filter] - Standard filter applied. Overall std reduction: 18.9%
2025-04-14 10:21:04,580 - INFO - [root:_run_analysis_workflow] - Running K+ Ion Tracking...
2025-04-14 10:21:04,580 - INFO - [root:setup_system_logger] - --- Processing (re-entry?) toxin/R2 ---
2025-04-14 10:21:04,583 - WARNING - [MDAnalysis.topology.PSF:_parseatoms] - Guessing that this is actually a NAMD-type PSF file... continuing with fingers crossed!
2025-04-14 10:21:08,068 - INFO - [ion_analysis:save_ion_position_data] - Saved ion absolute Z positions to /home/labs/bmeitan/karbati/rCs1/toxin/toxin/R2/K_Ion_Z_Positions_Absolute.csv
2025-04-14 10:21:08,085 - INFO - [ion_analysis:save_ion_position_data] - Saved ion G1-centric Z positions to /home/labs/bmeitan/karbati/rCs1/toxin/toxin/R2/K_Ion_Z_Positions_G1Centric.csv
2025-04-14 10:21:08,087 - INFO - [ion_analysis:save_ion_position_data] - Saved coordinate reference info to /home/labs/bmeitan/karbati/rCs1/toxin/toxin/R2/K_Ion_Coordinate_Reference.txt
2025-04-14 10:21:09,190 - INFO - [root:_run_analysis_workflow] - Running Toxin Orientation Analysis...
2025-04-14 10:21:09,190 - INFO - [orientation_contacts:analyze_toxin_orientation] - Starting toxin orientation and contact analysis for: /home/labs/bmeitan/karbati/rCs1/toxin/toxin/R2/MD_Aligned.dcd
2025-04-14 10:21:09,193 - WARNING - [MDAnalysis.topology.PSF:_parseatoms] - Guessing that this is actually a NAMD-type PSF file... continuing with fingers crossed!
2025-04-14 10:21:09,763 - INFO - [orientation_contacts:analyze_toxin_orientation] - Using Toxin: 'segid PROE', Channel: 'segid PROA or segid PROB or segid PROC or segid PROD'
2025-04-14 10:21:09,763 - INFO - [orientation_contacts:analyze_toxin_orientation] - Initializing residue contact map (59 toxin x 436 channel residues).
2025-04-14 10:21:09,764 - INFO - [orientation_contacts:analyze_toxin_orientation] - Using stride: 8 (Analyzing ~505 frames)
2025-04-14 10:22:39,819 - INFO - [orientation_contacts:analyze_toxin_orientation] - Saved orientation and total contacts data to /home/labs/bmeitan/karbati/rCs1/toxin/toxin/R2/Toxin_Orientation.csv
2025-04-14 10:22:39,822 - ERROR - [root:_run_analysis_workflow] - Workflow failed for /home/labs/bmeitan/karbati/rCs1/toxin/toxin/R2: name 'avg_contact_map' is not defined
Traceback (most recent call last):
  File "/home/labs/bmeitan/karbati/MD_Analysis/main_analyzer.py", line 486, in _run_analysis_workflow
    analyze_toxin_orientation(dcd_file, psf_file, run_dir)
  File "/home/labs/bmeitan/karbati/MD_Analysis/orientation_contacts.py", line 575, in analyze_toxin_orientation
    if len(toxin_res_labels_internal) != avg_contact_map.shape[0]:
NameError: name 'avg_contact_map' is not defined
2025-04-14 10:22:39,825 - INFO - [root:_save_error_summary] - Saved error status to /home/labs/bmeitan/karbati/rCs1/toxin/toxin/R2/analysis_summary.json
2025-04-14 10:22:39,825 - ERROR - [root:main] - --- Processing failed for folder: /home/labs/bmeitan/karbati/rCs1/toxin/toxin/R2 ---
2025-04-14 10:22:39,825 - INFO - [root:<module>] - --- MD Analysis Script v1.5.0 Finished ---
