2025-04-14 11:06:41,437 - INFO - [root:setup_root_logger] - Root logger configured. Console Level: 20, File Level: 20
2025-04-14 11:06:41,437 - INFO - [root:setup_root_logger] - Main execution log file: /home/labs/bmeitan/karbati/MD_Analysis/md_analysis_main_20250414_110641.log
2025-04-14 11:06:41,437 - INFO - [root:setup_root_logger] - Python version: 3.9.21 | packaged by conda-forge | (main, Dec  5 2024, 13:51:40) 
[GCC 13.3.0]
2025-04-14 11:06:41,437 - INFO - [root:setup_root_logger] - Current working directory: /home/labs/bmeitan/karbati/MD_Analysis
2025-04-14 11:06:41,437 - INFO - [root:main] - --- MD Analysis Script v1.5.0 Started ---
2025-04-14 11:06:41,437 - INFO - [root:main] - Command: main_analyzer.py --folder /home/labs/bmeitan/karbati/rCs1/toxin/toxin/R2 --force_rerun
2025-04-14 11:06:41,437 - INFO - [root:main] - Main log file: /home/labs/bmeitan/karbati/MD_Analysis/md_analysis_main_20250414_110641.log
2025-04-14 11:06:41,437 - INFO - [root:main] - Log level set to: INFO
2025-04-14 11:06:41,437 - INFO - [root:main] - Base directory set to: /home/labs/bmeitan/karbati/MD_Analysis
2025-04-14 11:06:41,437 - INFO - [root:main] - Running ALL analyses.
2025-04-14 11:06:41,437 - INFO - [root:main] - Analysis execution plan: GG=True, COM=True, Orientation=True, IonTracking=True, IonCoordination=True, Water=True
2025-04-14 11:06:41,437 - INFO - [root:main] - --- Processing Single Folder ---
2025-04-14 11:06:41,437 - INFO - [root:main] -   System: toxin
2025-04-14 11:06:41,437 - INFO - [root:main] -   Run: R2
2025-04-14 11:06:41,437 - INFO - [root:main] -   Folder: /home/labs/bmeitan/karbati/rCs1/toxin/toxin/R2
2025-04-14 11:06:41,437 - INFO - [root:_run_analysis_workflow] - Running Core Trajectory Analysis...
2025-04-14 11:06:41,439 - INFO - [root:setup_system_logger] - --- Starting analysis for toxin/R2 (Log: /home/labs/bmeitan/karbati/rCs1/toxin/toxin/R2/R2_analysis.log) ---
2025-04-14 11:06:41,518 - WARNING - [MDAnalysis.topology.PSF:_parseatoms] - Guessing that this is actually a NAMD-type PSF file... continuing with fingers crossed!
2025-04-14 11:07:16,123 - INFO - [root:_run_analysis_workflow] - Running Filtering and Saving (GG=True, COM=True)...
2025-04-14 11:07:16,123 - INFO - [filtering:auto_select_filter] - Auto-selecting filter for data_type: gg_distance
2025-04-14 11:07:16,123 - INFO - [filtering:auto_select_filter] - Applying standard filtering for G-G distance.
2025-04-14 11:07:16,304 - INFO - [filtering:standard_filter] - Standard filter applied. Overall std reduction: 36.6%
2025-04-14 11:07:16,304 - INFO - [filtering:auto_select_filter] - Auto-selecting filter for data_type: gg_distance
2025-04-14 11:07:16,304 - INFO - [filtering:auto_select_filter] - Applying standard filtering for G-G distance.
2025-04-14 11:07:16,487 - INFO - [filtering:standard_filter] - Standard filter applied. Overall std reduction: 38.0%
2025-04-14 11:07:16,517 - INFO - [filtering:auto_select_filter] - Auto-selecting filter for data_type: com_distance
2025-04-14 11:07:16,518 - INFO - [filtering:auto_select_filter] - Low std dev (0.301) and range (2.165). Applying standard filtering.
2025-04-14 11:07:16,697 - INFO - [filtering:standard_filter] - Standard filter applied. Overall std reduction: 18.9%
2025-04-14 11:07:19,040 - INFO - [root:_run_analysis_workflow] - Running K+ Ion Tracking...
2025-04-14 11:07:19,040 - INFO - [root:setup_system_logger] - --- Processing (re-entry?) toxin/R2 ---
2025-04-14 11:07:19,043 - WARNING - [MDAnalysis.topology.PSF:_parseatoms] - Guessing that this is actually a NAMD-type PSF file... continuing with fingers crossed!
2025-04-14 11:07:22,585 - INFO - [ion_analysis:save_ion_position_data] - Saved ion absolute Z positions to /home/labs/bmeitan/karbati/rCs1/toxin/toxin/R2/K_Ion_Z_Positions_Absolute.csv
2025-04-14 11:07:22,602 - INFO - [ion_analysis:save_ion_position_data] - Saved ion G1-centric Z positions to /home/labs/bmeitan/karbati/rCs1/toxin/toxin/R2/K_Ion_Z_Positions_G1Centric.csv
2025-04-14 11:07:22,605 - INFO - [ion_analysis:save_ion_position_data] - Saved coordinate reference info to /home/labs/bmeitan/karbati/rCs1/toxin/toxin/R2/K_Ion_Coordinate_Reference.txt
2025-04-14 11:07:23,682 - INFO - [root:_run_analysis_workflow] - Running Toxin Orientation Analysis...
2025-04-14 11:07:23,682 - INFO - [orientation_contacts:analyze_toxin_orientation] - Starting toxin orientation and contact analysis for: /home/labs/bmeitan/karbati/rCs1/toxin/toxin/R2/MD_Aligned.dcd
2025-04-14 11:07:23,685 - WARNING - [MDAnalysis.topology.PSF:_parseatoms] - Guessing that this is actually a NAMD-type PSF file... continuing with fingers crossed!
2025-04-14 11:07:24,228 - INFO - [orientation_contacts:analyze_toxin_orientation] - Using Toxin: 'segid PROE', Channel: 'segid PROA or segid PROB or segid PROC or segid PROD'
2025-04-14 11:07:24,229 - INFO - [orientation_contacts:analyze_toxin_orientation] - Initializing residue contact map (59 toxin x 436 channel residues).
2025-04-14 11:07:24,230 - INFO - [orientation_contacts:analyze_toxin_orientation] - Using stride: 8 (Analyzing ~505 frames)
2025-04-14 11:08:50,083 - INFO - [orientation_contacts:analyze_toxin_orientation] - Saved orientation and total contacts data to /home/labs/bmeitan/karbati/rCs1/toxin/toxin/R2/Toxin_Orientation.csv
2025-04-14 11:08:50,107 - INFO - [orientation_contacts:get_residue_info] - Generated channel label map with 436 entries
2025-04-14 11:08:50,108 - INFO - [orientation_contacts:get_residue_info] - Generated toxin label map with 59 entries
2025-04-14 11:08:50,137 - INFO - [orientation_contacts:analyze_toxin_orientation] - Saved residue contact frequency map (display labels) to /home/labs/bmeitan/karbati/rCs1/toxin/toxin/R2/Toxin_Channel_Residue_Contacts.csv
2025-04-14 11:08:50,138 - INFO - [orientation_contacts:analyze_toxin_orientation] - Generating contact map visualizations...
2025-04-14 11:08:51,156 - INFO - [orientation_contacts:create_contact_map_visualization] - Saved full contact map visualization to /home/labs/bmeitan/karbati/rCs1/toxin/toxin/R2/Toxin_Channel_Residue_Contact_Map_Full.png
2025-04-14 11:08:51,547 - INFO - [orientation_contacts:create_enhanced_focused_heatmap] - Saved focused contact map (10x15) visualization to /home/labs/bmeitan/karbati/rCs1/toxin/toxin/R2/Toxin_Channel_Residue_Contact_Map_Focused.png
2025-04-14 11:08:51,548 - INFO - [orientation_contacts:analyze_toxin_orientation] - Generating orientation plots...
2025-04-14 11:08:52,159 - INFO - [orientation_contacts:analyze_toxin_orientation] - Orientation and contact analysis complete.
2025-04-14 11:08:52,159 - INFO - [root:_run_analysis_workflow] - Running K+ Ion Coordination Analysis...
2025-04-14 11:08:52,159 - INFO - [ion_analysis:analyze_ion_coordination] - Analyzing ion coordination stats for R2
2025-04-14 11:08:52,176 - INFO - [ion_analysis:analyze_ion_coordination] - Saved K+ Ion site statistics to /home/labs/bmeitan/karbati/rCs1/toxin/toxin/R2/K_Ion_Site_Statistics.csv
2025-04-14 11:08:52,176 - INFO - [root:_run_analysis_workflow] - Running Cavity Water Analysis...
2025-04-14 11:08:52,177 - INFO - [root:setup_system_logger] - --- Processing (re-entry?) toxin/R2 ---
2025-04-14 11:08:52,180 - WARNING - [MDAnalysis.topology.PSF:_parseatoms] - Guessing that this is actually a NAMD-type PSF file... continuing with fingers crossed!
2025-04-14 11:09:11,687 - INFO - [root:_run_analysis_workflow] - Calculating and saving summary JSON...
2025-04-14 11:09:11,687 - INFO - [summary:calculate_and_save_run_summary] - Calculating final summary statistics for toxin/R2...
2025-04-14 11:09:11,697 - WARNING - [summary:calculate_and_save_run_summary] - Summary calculation finished with issues: ['CavityWater_DataFound']
2025-04-14 11:09:11,697 - INFO - [summary:calculate_and_save_run_summary] - Attempting to save run summary to: /home/labs/bmeitan/karbati/rCs1/toxin/toxin/R2/analysis_summary.json
2025-04-14 11:09:11,699 - INFO - [summary:calculate_and_save_run_summary] - Successfully saved run summary: /home/labs/bmeitan/karbati/rCs1/toxin/toxin/R2/analysis_summary.json (Status: Success_With_Issues_CavityWater_DataFound)
2025-04-14 11:09:11,699 - INFO - [root:_run_analysis_workflow] - Generating HTML Report...
2025-04-14 11:09:11,700 - INFO - [reporting:generate_html_report] - Generating HTML report for R2...
2025-04-14 11:09:11,743 - INFO - [reporting:generate_html_report] - Generated HTML report at: /home/labs/bmeitan/karbati/rCs1/toxin/toxin/R2/R2_analysis_report.html
2025-04-14 11:09:11,743 - INFO - [root:main] - --- Successfully finished processing folder: /home/labs/bmeitan/karbati/rCs1/toxin/toxin/R2 ---
2025-04-14 11:09:11,744 - INFO - [root:<module>] - --- MD Analysis Script v1.5.0 Finished ---
